# JRE version: Java(TM) SE Runtime Environment (8.0_161-b12) (build 1.8.0_161-b12)
# Java VM: Java HotSpot(TM) 64-Bit Server VM (25.161-b12 mixed mode windows-amd64 compressed oops)
Heap:
 PSYoungGen      total 278528K, used 144557K [0x00000000d6100000, 0x00000000ee700000, 0x0000000100000000)
  eden space 253440K, 53% used [0x00000000d6100000,0x00000000de557778,0x00000000e5880000)
  from space 25088K, 36% used [0x00000000e5880000,0x00000000e6154080,0x00000000e7100000)
  to   space 29184K, 0% used [0x00000000eca80000,0x00000000eca80000,0x00000000ee700000)
 ParOldGen       total 105984K, used 57868K [0x0000000082200000, 0x0000000088980000, 0x00000000d6100000)
  object space 105984K, 54% used [0x0000000082200000,0x0000000085a83210,0x0000000088980000)
 Metaspace       used 22814K, capacity 23096K, committed 23216K, reserved 1069056K
  class space    used 2631K, capacity 2739K, committed 2816K, reserved 1048576K
GC Heap History (10 events):
Event: 40.434 GC heap before
{Heap before GC invocations=10 (full 0):
 PSYoungGen      total 278528K, used 76835K [0x00000000d6100000, 0x00000000e8e00000, 0x0000000100000000)
  eden space 253440K, 20% used [0x00000000d6100000,0x00000000d938f130,0x00000000e5880000)
  from space 25088K, 99% used [0x00000000e5880000,0x00000000e70f9eb8,0x00000000e7100000)
  to   space 20480K, 0% used [0x00000000e7100000,0x00000000e7100000,0x00000000e8500000)
 ParOldGen       total 86016K, used 35971K [0x0000000082200000, 0x0000000087600000, 0x00000000d6100000)
  object space 86016K, 41% used [0x0000000082200000,0x0000000084520d58,0x0000000087600000)
 Metaspace       used 20984K, capacity 21234K, committed 21296K, reserved 1069056K
  class space    used 2572K, capacity 2674K, committed 2688K, reserved 1048576K
Event: 40.469 GC heap after
Heap after GC invocations=10 (full 0):
 PSYoungGen      total 273920K, used 14835K [0x00000000d6100000, 0x00000000e8e00000, 0x0000000100000000)
  eden space 253440K, 0% used [0x00000000d6100000,0x00000000d6100000,0x00000000e5880000)
  from space 20480K, 72% used [0x00000000e7100000,0x00000000e7f7cf08,0x00000000e8500000)
  to   space 25088K, 0% used [0x00000000e5880000,0x00000000e5880000,0x00000000e7100000)
 ParOldGen       total 86016K, used 49550K [0x0000000082200000, 0x0000000087600000, 0x00000000d6100000)
  object space 86016K, 57% used [0x0000000082200000,0x0000000085263bd0,0x0000000087600000)
 Metaspace       used 20984K, capacity 21234K, committed 21296K, reserved 1069056K
  class space    used 2572K, capacity 2674K, committed 2688K, reserved 1048576K
}
Event: 40.469 GC heap before
{Heap before GC invocations=11 (full 1):
 PSYoungGen      total 273920K, used 14835K [0x00000000d6100000, 0x00000000e8e00000, 0x0000000100000000)
  eden space 253440K, 0% used [0x00000000d6100000,0x00000000d6100000,0x00000000e5880000)
  from space 20480K, 72% used [0x00000000e7100000,0x00000000e7f7cf08,0x00000000e8500000)
  to   space 25088K, 0% used [0x00000000e5880000,0x00000000e5880000,0x00000000e7100000)
 ParOldGen       total 86016K, used 49550K [0x0000000082200000, 0x0000000087600000, 0x00000000d6100000)
  object space 86016K, 57% used [0x0000000082200000,0x0000000085263bd0,0x0000000087600000)
 Metaspace       used 20984K, capacity 21234K, committed 21296K, reserved 1069056K
  class space    used 2572K, capacity 2674K, committed 2688K, reserved 1048576K
Event: 40.785 GC heap after
Heap after GC invocations=11 (full 1):
 PSYoungGen      total 273920K, used 0K [0x00000000d6100000, 0x00000000e8e00000, 0x0000000100000000)
  eden space 253440K, 0% used [0x00000000d6100000,0x00000000d6100000,0x00000000e5880000)
  from space 20480K, 0% used [0x00000000e7100000,0x00000000e7100000,0x00000000e8500000)
  to   space 25088K, 0% used [0x00000000e5880000,0x00000000e5880000,0x00000000e7100000)
 ParOldGen       total 105984K, used 47549K [0x0000000082200000, 0x0000000088980000, 0x00000000d6100000)
  object space 105984K, 44% used [0x0000000082200000,0x000000008506f4e0,0x0000000088980000)
 Metaspace       used 20984K, capacity 21234K, committed 21296K, reserved 1069056K
  class space    used 2572K, capacity 2674K, committed 2688K, reserved 1048576K
}
Event: 43.061 GC heap before
{Heap before GC invocations=12 (full 1):
 PSYoungGen      total 273920K, used 253440K [0x00000000d6100000, 0x00000000e8e00000, 0x0000000100000000)
  eden space 253440K, 100% used [0x00000000d6100000,0x00000000e5880000,0x00000000e5880000)
  from space 20480K, 0% used [0x00000000e7100000,0x00000000e7100000,0x00000000e8500000)
  to   space 25088K, 0% used [0x00000000e5880000,0x00000000e5880000,0x00000000e7100000)
 ParOldGen       total 105984K, used 47549K [0x0000000082200000, 0x0000000088980000, 0x00000000d6100000)
  object space 105984K, 44% used [0x0000000082200000,0x000000008506f4e0,0x0000000088980000)
 Metaspace       used 22367K, capacity 22642K, committed 22960K, reserved 1069056K
  class space    used 2613K, capacity 2738K, committed 2816K, reserved 1048576K
Event: 43.068 GC heap after
Heap after GC invocations=12 (full 1):
 PSYoungGen      total 278528K, used 6848K [0x00000000d6100000, 0x00000000e8e00000, 0x0000000100000000)
  eden space 253440K, 0% used [0x00000000d6100000,0x00000000d6100000,0x00000000e5880000)
  from space 25088K, 27% used [0x00000000e5880000,0x00000000e5f30020,0x00000000e7100000)
  to   space 20480K, 0% used [0x00000000e7100000,0x00000000e7100000,0x00000000e8500000)
 ParOldGen       total 105984K, used 47549K [0x0000000082200000, 0x0000000088980000, 0x00000000d6100000)
  object space 105984K, 44% used [0x0000000082200000,0x000000008506f4e0,0x0000000088980000)
 Metaspace       used 22367K, capacity 22642K, committed 22960K, reserved 1069056K
  class space    used 2613K, capacity 2738K, committed 2816K, reserved 1048576K
}
Event: 45.113 GC heap before
{Heap before GC invocations=13 (full 1):
 PSYoungGen      total 278528K, used 260288K [0x00000000d6100000, 0x00000000e8e00000, 0x0000000100000000)
  eden space 253440K, 100% used [0x00000000d6100000,0x00000000e5880000,0x00000000e5880000)
  from space 25088K, 27% used [0x00000000e5880000,0x00000000e5f30020,0x00000000e7100000)
  to   space 20480K, 0% used [0x00000000e7100000,0x00000000e7100000,0x00000000e8500000)
 ParOldGen       total 105984K, used 47549K [0x0000000082200000, 0x0000000088980000, 0x00000000d6100000)
  object space 105984K, 44% used [0x0000000082200000,0x000000008506f4e0,0x0000000088980000)
 Metaspace       used 22552K, capacity 22834K, committed 22960K, reserved 1069056K
  class space    used 2616K, capacity 2738K, committed 2816K, reserved 1048576K
Event: 45.124 GC heap after
Heap after GC invocations=13 (full 1):
 PSYoungGen      total 273920K, used 6128K [0x00000000d6100000, 0x00000000e8e00000, 0x0000000100000000)
  eden space 253440K, 0% used [0x00000000d6100000,0x00000000d6100000,0x00000000e5880000)
  from space 20480K, 29% used [0x00000000e7100000,0x00000000e76fc020,0x00000000e8500000)
  to   space 25088K, 0% used [0x00000000e5880000,0x00000000e5880000,0x00000000e7100000)
 ParOldGen       total 105984K, used 52887K [0x0000000082200000, 0x0000000088980000, 0x00000000d6100000)
  object space 105984K, 49% used [0x0000000082200000,0x00000000855a5ff8,0x0000000088980000)
 Metaspace       used 22552K, capacity 22834K, committed 22960K, reserved 1069056K
  class space    used 2616K, capacity 2738K, committed 2816K, reserved 1048576K
}
Event: 46.434 GC heap before
{Heap before GC invocations=14 (full 1):
 PSYoungGen      total 273920K, used 259568K [0x00000000d6100000, 0x00000000e8e00000, 0x0000000100000000)
  eden space 253440K, 100% used [0x00000000d6100000,0x00000000e5880000,0x00000000e5880000)
  from space 20480K, 29% used [0x00000000e7100000,0x00000000e76fc020,0x00000000e8500000)
  to   space 25088K, 0% used [0x00000000e5880000,0x00000000e5880000,0x00000000e7100000)
 ParOldGen       total 105984K, used 52887K [0x0000000082200000, 0x0000000088980000, 0x00000000d6100000)
  object space 105984K, 49% used [0x0000000082200000,0x00000000855a5ff8,0x0000000088980000)
 Metaspace       used 22678K, capacity 22968K, committed 23216K, reserved 1069056K
  class space    used 2624K, capacity 2739K, committed 2816K, reserved 1048576K
Event: 46.446 GC heap after
Heap after GC invocations=14 (full 1):
 PSYoungGen      total 278528K, used 9040K [0x00000000d6100000, 0x00000000ee700000, 0x0000000100000000)
  eden space 253440K, 0% used [0x00000000d6100000,0x00000000d6100000,0x00000000e5880000)
  from space 25088K, 36% used [0x00000000e5880000,0x00000000e6154080,0x00000000e7100000)
  to   space 29184K, 0% used [0x00000000eca80000,0x00000000eca80000,0x00000000ee700000)
 ParOldGen       total 105984K, used 57868K [0x0000000082200000, 0x0000000088980000, 0x00000000d6100000)
  object space 105984K, 54% used [0x0000000082200000,0x0000000085a83210,0x0000000088980000)
 Metaspace       used 22678K, capacity 22968K, committed 23216K, reserved 1069056K
  class space    used 2624K, capacity 2739K, committed 2816K, reserved 1048576K
}

